<?xml version="1.0" encoding="UTF-8"?>
<!-- Generated by org.testng.reporters.JUnitReportReporter -->
<testsuite skipped="0" hostname="DESKTOP-KFN1LRR" name="org.seleniumhq.selenium.RestAPITest" tests="2" failures="0" timestamp="29 Sep 2018 03:29:55 GMT" time="0.048" errors="0">
  <testcase name="twitterdelete" time="0.004" classname="org.seleniumhq.selenium.RestAPITest"/>
  <testcase name="postjira" time="0.044" classname="org.seleniumhq.selenium.RestAPITest"/>
</testsuite> <!-- org.seleniumhq.selenium.RestAPITest -->
