<?xml version="1.0" encoding="UTF-8"?>
<!-- Generated by org.testng.reporters.JUnitReportReporter -->
<testsuite skipped="0" hostname="DESKTOP-KFN1LRR" name="packagenameyes.JdbcTest" tests="1" failures="0" timestamp="10 Nov 2018 04:54:30 GMT" time="42.908" errors="0">
  <testcase name="Fetchdata" time="42.908" classname="packagenameyes.JdbcTest"/>
</testsuite> <!-- packagenameyes.JdbcTest -->
