<?xml version="1.0" encoding="UTF-8"?>
<!-- Generated by org.testng.reporters.JUnitReportReporter -->
<testsuite skipped="0" hostname="DESKTOP-KFN1LRR" name="packagenameyes.Table_Validation" tests="1" failures="0" timestamp="28 Apr 2019 06:40:42 GMT" time="45.818" errors="0">
  <testcase name="test" time="45.818" classname="packagenameyes.Table_Validation"/>
</testsuite> <!-- packagenameyes.Table_Validation -->
