<?xml version="1.0" encoding="UTF-8"?>
<!-- Generated by org.testng.reporters.JUnitReportReporter -->
<testsuite skipped="0" hostname="DESKTOP-KFN1LRR" name="packagenameyes.ExtentReportsTestNG" tests="1" failures="0" timestamp="26 Jan 2020 13:04:07 GMT" time="40.794" errors="0">
  <testcase name="intializereport" time="40.794" classname="packagenameyes.ExtentReportsTestNG"/>
</testsuite> <!-- packagenameyes.ExtentReportsTestNG -->
