<?xml version="1.0" encoding="UTF-8"?>
<!-- Generated by org.testng.reporters.JUnitReportReporter -->
<testsuite skipped="0" hostname="DESKTOP-KFN1LRR" name="packagenameyes.test" tests="1" failures="0" timestamp="25 Apr 2019 18:01:57 GMT" time="0.918" errors="0">
  <testcase name="test12" time="0.918" classname="packagenameyes.test"/>
</testsuite> <!-- packagenameyes.test -->
