<?xml version="1.0" encoding="UTF-8"?>
<!-- Generated by org.testng.reporters.JUnitReportReporter -->
<testsuite skipped="0" hostname="DESKTOP-KFN1LRR" name="packagenameyes.Table_text" tests="1" failures="0" timestamp="18 Apr 2019 11:54:48 GMT" time="48.083" errors="0">
  <testcase name="table" time="48.083" classname="packagenameyes.Table_text"/>
</testsuite> <!-- packagenameyes.Table_text -->
