<?xml version="1.0" encoding="UTF-8"?>
<!-- Generated by org.testng.reporters.JUnitReportReporter -->
<testsuite skipped="0" hostname="DESKTOP-KFN1LRR" name="packagenameyes.parallel2" tests="1" failures="0" timestamp="18 Dec 2018 17:21:27 GMT" time="34.465" errors="0">
  <testcase name="test1" time="34.465" classname="packagenameyes.parallel2"/>
</testsuite> <!-- packagenameyes.parallel2 -->
