<?xml version="1.0" encoding="UTF-8"?>
<!-- Generated by org.testng.reporters.JUnitReportReporter -->
<testsuite skipped="0" hostname="DESKTOP-KFN1LRR" name="packagenameyes.HomePage" tests="2" failures="0" timestamp="25 Jan 2020 12:20:27 GMT" time="137.087" errors="0">
  <testcase name="basepagenavigation" time="76.378" classname="packagenameyes.HomePage"/>
  <testcase name="basepagenavigation" time="60.709" classname="packagenameyes.HomePage"/>
</testsuite> <!-- packagenameyes.HomePage -->
