<?xml version="1.0" encoding="UTF-8"?>
<!-- Generated by org.testng.reporters.JUnitReportReporter -->
<testsuite skipped="0" hostname="DESKTOP-KFN1LRR" name="packagenameyes.parallel" tests="1" failures="0" timestamp="18 Dec 2018 17:21:26 GMT" time="36.318" errors="0">
  <testcase name="test1" time="36.318" classname="packagenameyes.parallel"/>
</testsuite> <!-- packagenameyes.parallel -->
