<?xml version="1.0" encoding="UTF-8"?>
<!-- Generated by org.testng.reporters.JUnitReportReporter -->
<testsuite skipped="0" hostname="DESKTOP-KFN1LRR" name="packagenameyes.TextValidationTest" tests="1" failures="0" timestamp="08 Feb 2020 04:49:03 GMT" time="75.933" errors="0">
  <testcase name="textvalidation" time="75.933" classname="packagenameyes.TextValidationTest"/>
</testsuite> <!-- packagenameyes.TextValidationTest -->
