<?xml version="1.0" encoding="UTF-8"?>
<!-- Generated by org.testng.reporters.JUnitReportReporter -->
<testsuite name="packagenameyes.TextValidationTest" tests="1" time="51.046" ignored="0" failures="0" timestamp="27 Jan 2021 03:03:59 GMT" skipped="0" hostname="DESKTOP-KFN1LRR" errors="0">
  <testcase name="textvalidation" time="51.046" classname="packagenameyes.TextValidationTest"/>
</testsuite> <!-- packagenameyes.TextValidationTest -->
