<?xml version="1.0" encoding="UTF-8"?>
<!-- Generated by org.testng.reporters.JUnitReportReporter -->
<testsuite skipped="0" hostname="DESKTOP-KFN1LRR" name="org.seleniumhq.selenium.AppiumTest" tests="1" failures="0" timestamp="2018-09-29T09:43:00 IST" time="0.000" errors="0">
  <testcase name="automate" time="0.000" classname="org.seleniumhq.selenium.AppiumTest"/>
</testsuite> <!-- org.seleniumhq.selenium.AppiumTest -->
