<?xml version="1.0" encoding="UTF-8"?>
<!-- Generated by org.testng.reporters.JUnitReportReporter -->
<testsuite skipped="0" hostname="DESKTOP-KFN1LRR" name="org.seleniumhq.selenium.SeleniumTest" tests="1" failures="0" timestamp="2018-09-29T09:43:00 IST" time="0.012" errors="0">
  <testcase name="grid" time="0.012" classname="org.seleniumhq.selenium.SeleniumTest"/>
</testsuite> <!-- org.seleniumhq.selenium.SeleniumTest -->
