<?xml version="1.0" encoding="UTF-8"?>
<!-- Generated by org.testng.reporters.JUnitReportReporter -->
<testsuite skipped="0" hostname="DESKTOP-KFN1LRR" name="org.seleniumhq.selenium.RestAPITest" tests="2" failures="0" timestamp="2018-09-29T09:42:45 IST" time="0.004" errors="0">
  <testcase name="postjira" time="0.004" classname="org.seleniumhq.selenium.RestAPITest"/>
  <testcase name="twitterdelete" time="0.000" classname="org.seleniumhq.selenium.RestAPITest"/>
</testsuite> <!-- org.seleniumhq.selenium.RestAPITest -->
